{"contracts/DelphiStake.sol":{"l":{"58":38,"59":37,"63":24,"64":24,"68":0,"69":0,"73":41,"74":37,"78":11,"79":10,"83":0,"84":0,"88":33,"89":31,"93":10,"94":9,"98":37,"99":35,"103":9,"104":8,"108":14,"109":14,"113":14,"114":14,"118":35,"119":33,"123":0,"124":0,"128":0,"129":0,"146":36,"150":36,"153":36,"156":36,"159":35,"160":35,"161":35,"162":35,"163":35,"164":35,"165":35,"180":35,"183":35,"208":23,"213":22,"214":22,"218":22,"222":22,"246":8,"247":7,"248":7,"252":7,"255":7,"273":0,"274":0,"278":0,"295":0,"299":0,"300":0,"302":0,"307":0,"324":0,"325":0,"328":0,"329":0,"331":0,"339":0,"346":0,"350":0,"351":0,"354":0,"357":0,"373":14,"377":14,"395":8,"398":8,"399":8,"401":8,"403":1,"404":1,"408":7,"409":7,"413":0,"414":0,"418":0,"419":0,"422":0,"426":8,"429":8,"442":2,"443":1,"444":1,"455":0,"456":0,"457":0,"470":0,"471":0,"472":0,"473":0,"487":50,"498":3,"501":3},"path":"/Users/Mark/Desktop/Delphi/contracts/DelphiStake.sol","s":{"1":38,"2":24,"3":0,"4":41,"5":11,"6":0,"7":33,"8":10,"9":37,"10":9,"11":14,"12":14,"13":35,"14":0,"15":0,"16":36,"17":36,"18":36,"19":36,"20":35,"21":35,"22":35,"23":35,"24":35,"25":35,"26":35,"27":35,"28":35,"29":23,"30":22,"31":22,"32":8,"33":7,"34":7,"35":0,"36":0,"37":0,"38":0,"39":0,"40":0,"41":0,"42":0,"43":0,"44":0,"45":0,"46":0,"47":0,"48":0,"49":0,"50":0,"51":14,"52":14,"53":8,"54":8,"55":8,"56":8,"57":1,"58":1,"59":7,"60":7,"61":7,"62":0,"63":0,"64":0,"65":0,"66":0,"67":0,"68":0,"69":8,"70":2,"71":1,"72":1,"73":0,"74":0,"75":0,"76":0,"77":0,"78":0,"79":0,"80":50,"81":3,"82":3},"b":{"1":[37,1],"2":[24,0],"3":[0,0],"4":[37,4],"5":[10,1],"6":[0,0],"7":[31,2],"8":[9,1],"9":[35,2],"10":[8,1],"11":[14,0],"12":[14,0],"13":[33,2],"14":[0,0],"15":[0,0],"16":[36,0],"17":[36,0],"18":[36,0],"19":[35,1],"20":[22,1],"21":[7,1],"22":[0,0],"23":[0,0],"24":[0,0],"25":[0,0],"26":[0,0],"27":[0,0],"28":[1,7],"29":[1,0],"30":[1,0],"31":[7,0],"32":[7,0],"33":[0,0],"34":[0,0],"35":[0,0],"36":[0,0],"37":[0,0],"38":[1,1],"39":[0,0],"40":[0,0]},"f":{"1":38,"2":24,"3":0,"4":41,"5":11,"6":0,"7":33,"8":10,"9":37,"10":9,"11":14,"12":14,"13":35,"14":0,"15":0,"16":36,"17":35,"18":23,"19":8,"20":0,"21":0,"22":0,"23":14,"24":8,"25":2,"26":0,"27":0,"28":50,"29":3},"fnMap":{"1":{"name":"onlyStaker","line":57,"loc":{"start":{"line":57,"column":4},"end":{"line":57,"column":22}}},"2":{"name":"validClaimID","line":62,"loc":{"start":{"line":62,"column":4},"end":{"line":62,"column":37}}},"3":{"name":"validSettlementId","line":67,"loc":{"start":{"line":67,"column":4},"end":{"line":67,"column":62}}},"4":{"name":"notStakerOrArbiter","line":72,"loc":{"start":{"line":72,"column":4},"end":{"line":72,"column":30}}},"5":{"name":"onlyArbiter","line":77,"loc":{"start":{"line":77,"column":4},"end":{"line":77,"column":23}}},"6":{"name":"onlyClaimant","line":82,"loc":{"start":{"line":82,"column":4},"end":{"line":82,"column":37}}},"7":{"name":"largeEnoughFee","line":87,"loc":{"start":{"line":87,"column":4},"end":{"line":87,"column":38}}},"8":{"name":"claimNotRuled","line":92,"loc":{"start":{"line":92,"column":4},"end":{"line":92,"column":38}}},"9":{"name":"stakerCanPay","line":97,"loc":{"start":{"line":97,"column":4},"end":{"line":97,"column":47}}},"10":{"name":"settlementDidFail","line":102,"loc":{"start":{"line":102,"column":4},"end":{"line":102,"column":42}}},"11":{"name":"settlementDidNotFail","line":107,"loc":{"start":{"line":107,"column":4},"end":{"line":107,"column":45}}},"12":{"name":"onlyStakerOrClaimant","line":112,"loc":{"start":{"line":112,"column":4},"end":{"line":112,"column":45}}},"13":{"name":"canOpenClaim","line":117,"loc":{"start":{"line":117,"column":4},"end":{"line":117,"column":41}}},"14":{"name":"noOpenClaims","line":122,"loc":{"start":{"line":122,"column":4},"end":{"line":122,"column":24}}},"15":{"name":"stakeIsReleased","line":127,"loc":{"start":{"line":127,"column":4},"end":{"line":127,"column":27}}},"16":{"name":"initDelphiStake","line":143,"loc":{"start":{"line":143,"column":4},"end":{"line":145,"column":5}}},"17":{"name":"whitelistClaimant","line":175,"loc":{"start":{"line":175,"column":4},"end":{"line":178,"column":5}}},"18":{"name":"openClaim","line":200,"loc":{"start":{"line":200,"column":4},"end":{"line":206,"column":5}}},"19":{"name":"openClaimWithoutSettlement","line":239,"loc":{"start":{"line":239,"column":4},"end":{"line":245,"column":5}}},"20":{"name":"increaseClaimFee","line":265,"loc":{"start":{"line":265,"column":4},"end":{"line":270,"column":5}}},"21":{"name":"proposeSettlement","line":288,"loc":{"start":{"line":288,"column":4},"end":{"line":293,"column":5}}},"22":{"name":"acceptSettlement","line":317,"loc":{"start":{"line":317,"column":4},"end":{"line":323,"column":5}}},"23":{"name":"settlementFailed","line":365,"loc":{"start":{"line":365,"column":4},"end":{"line":370,"column":5}}},"24":{"name":"ruleOnClaim","line":388,"loc":{"start":{"line":388,"column":4},"end":{"line":394,"column":5}}},"25":{"name":"increaseStake","line":436,"loc":{"start":{"line":436,"column":4},"end":{"line":439,"column":5}}},"26":{"name":"extendStakeReleaseTime","line":451,"loc":{"start":{"line":451,"column":4},"end":{"line":454,"column":5}}},"27":{"name":"withdrawStake","line":464,"loc":{"start":{"line":464,"column":4},"end":{"line":469,"column":5}}},"28":{"name":"getNumClaims","line":480,"loc":{"start":{"line":480,"column":4},"end":{"line":484,"column":5}}},"29":{"name":"getTotalFeeForClaim","line":493,"loc":{"start":{"line":493,"column":4},"end":{"line":497,"column":5}}}},"statementMap":{"1":{"start":{"line":58,"column":8},"end":{"line":58,"column":36}},"2":{"start":{"line":63,"column":8},"end":{"line":63,"column":40}},"3":{"start":{"line":68,"column":8},"end":{"line":68,"column":60}},"4":{"start":{"line":73,"column":8},"end":{"line":73,"column":59}},"5":{"start":{"line":78,"column":8},"end":{"line":78,"column":37}},"6":{"start":{"line":83,"column":8},"end":{"line":83,"column":55}},"7":{"start":{"line":88,"column":8},"end":{"line":88,"column":37}},"8":{"start":{"line":93,"column":8},"end":{"line":93,"column":39}},"9":{"start":{"line":98,"column":8},"end":{"line":98,"column":50}},"10":{"start":{"line":103,"column":8},"end":{"line":103,"column":49}},"11":{"start":{"line":108,"column":8},"end":{"line":108,"column":50}},"12":{"start":{"line":113,"column":8},"end":{"line":113,"column":79}},"13":{"start":{"line":118,"column":6},"end":{"line":118,"column":52}},"14":{"start":{"line":123,"column":6},"end":{"line":123,"column":29}},"15":{"start":{"line":128,"column":6},"end":{"line":128,"column":37}},"16":{"start":{"line":146,"column":8},"end":{"line":146,"column":39}},"17":{"start":{"line":150,"column":8},"end":{"line":150,"column":35}},"18":{"start":{"line":153,"column":8},"end":{"line":153,"column":38}},"19":{"start":{"line":156,"column":8},"end":{"line":156,"column":61}},"20":{"start":{"line":159,"column":8},"end":{"line":159,"column":30}},"21":{"start":{"line":160,"column":8},"end":{"line":160,"column":21}},"22":{"start":{"line":161,"column":8},"end":{"line":161,"column":31}},"23":{"start":{"line":162,"column":8},"end":{"line":162,"column":19}},"24":{"start":{"line":163,"column":8},"end":{"line":163,"column":43}},"25":{"start":{"line":164,"column":8},"end":{"line":164,"column":25}},"26":{"start":{"line":165,"column":8},"end":{"line":165,"column":26}},"27":{"start":{"line":180,"column":6},"end":{"line":180,"column":48}},"28":{"start":{"line":183,"column":6},"end":{"line":183,"column":35}},"29":{"start":{"line":208,"column":8},"end":{"line":208,"column":57}},"30":{"start":{"line":218,"column":8},"end":{"line":218,"column":41}},"31":{"start":{"line":222,"column":8},"end":{"line":222,"column":49}},"32":{"start":{"line":246,"column":8},"end":{"line":246,"column":57}},"33":{"start":{"line":252,"column":8},"end":{"line":252,"column":41}},"34":{"start":{"line":255,"column":8},"end":{"line":255,"column":49}},"35":{"start":{"line":273,"column":6},"end":{"line":273,"column":59}},"36":{"start":{"line":274,"column":6},"end":{"line":274,"column":43}},"37":{"start":{"line":278,"column":6},"end":{"line":278,"column":48}},"38":{"start":{"line":295,"column":6},"end":{"line":295,"column":73}},"39":{"start":{"line":299,"column":6},"end":{"line":299,"column":11135}},"40":{"start":{"line":307,"column":6},"end":{"line":307,"column":79}},"41":{"start":{"line":324,"column":6},"end":{"line":324,"column":73}},"42":{"start":{"line":325,"column":6},"end":{"line":325,"column":43}},"43":{"start":{"line":328,"column":6},"end":{"line":328,"column":12403}},"44":{"start":{"line":329,"column":8},"end":{"line":329,"column":37}},"45":{"start":{"line":331,"column":8},"end":{"line":331,"column":39}},"46":{"start":{"line":339,"column":6},"end":{"line":339,"column":13020}},"47":{"start":{"line":346,"column":6},"end":{"line":346,"column":23}},"48":{"start":{"line":350,"column":6},"end":{"line":350,"column":69}},"49":{"start":{"line":354,"column":6},"end":{"line":354,"column":77}},"50":{"start":{"line":357,"column":6},"end":{"line":357,"column":60}},"51":{"start":{"line":373,"column":6},"end":{"line":373,"column":45}},"52":{"start":{"line":377,"column":6},"end":{"line":377,"column":43}},"53":{"start":{"line":395,"column":8},"end":{"line":395,"column":45}},"54":{"start":{"line":398,"column":8},"end":{"line":398,"column":25}},"55":{"start":{"line":399,"column":8},"end":{"line":399,"column":29}},"56":{"start":{"line":401,"column":8},"end":{"line":401,"column":15507}},"57":{"start":{"line":403,"column":10},"end":{"line":403,"column":73}},"58":{"start":{"line":404,"column":10},"end":{"line":404,"column":76}},"59":{"start":{"line":405,"column":15},"end":{"line":405,"column":15768}},"60":{"start":{"line":408,"column":10},"end":{"line":408,"column":53}},"61":{"start":{"line":409,"column":10},"end":{"line":409,"column":73}},"62":{"start":{"line":410,"column":15},"end":{"line":410,"column":16079}},"63":{"start":{"line":413,"column":10},"end":{"line":413,"column":85}},"64":{"start":{"line":414,"column":10},"end":{"line":414,"column":58}},"65":{"start":{"line":416,"column":15},"end":{"line":416,"column":16460}},"66":{"start":{"line":418,"column":10},"end":{"line":418,"column":53}},"67":{"start":{"line":419,"column":10},"end":{"line":419,"column":76}},"68":{"start":{"line":422,"column":10},"end":{"line":422,"column":17}},"69":{"start":{"line":429,"column":8},"end":{"line":429,"column":27}},"70":{"start":{"line":442,"column":8},"end":{"line":442,"column":60}},"71":{"start":{"line":443,"column":8},"end":{"line":443,"column":31}},"72":{"start":{"line":444,"column":8},"end":{"line":444,"column":41}},"73":{"start":{"line":455,"column":8},"end":{"line":455,"column":52}},"74":{"start":{"line":456,"column":8},"end":{"line":456,"column":43}},"75":{"start":{"line":457,"column":8},"end":{"line":457,"column":46}},"76":{"start":{"line":470,"column":8},"end":{"line":470,"column":37}},"77":{"start":{"line":471,"column":8},"end":{"line":471,"column":25}},"78":{"start":{"line":472,"column":8},"end":{"line":472,"column":48}},"79":{"start":{"line":473,"column":8},"end":{"line":473,"column":23}},"80":{"start":{"line":487,"column":6},"end":{"line":487,"column":26}},"81":{"start":{"line":498,"column":6},"end":{"line":498,"column":43}},"82":{"start":{"line":501,"column":6},"end":{"line":501,"column":41}}},"branchMap":{"1":{"line":58,"type":"if","locations":[{"start":{"line":58,"column":8},"end":{"line":58,"column":8}},{"start":{"line":58,"column":8},"end":{"line":58,"column":8}}]},"2":{"line":63,"type":"if","locations":[{"start":{"line":63,"column":8},"end":{"line":63,"column":8}},{"start":{"line":63,"column":8},"end":{"line":63,"column":8}}]},"3":{"line":68,"type":"if","locations":[{"start":{"line":68,"column":8},"end":{"line":68,"column":8}},{"start":{"line":68,"column":8},"end":{"line":68,"column":8}}]},"4":{"line":73,"type":"if","locations":[{"start":{"line":73,"column":8},"end":{"line":73,"column":8}},{"start":{"line":73,"column":8},"end":{"line":73,"column":8}}]},"5":{"line":78,"type":"if","locations":[{"start":{"line":78,"column":8},"end":{"line":78,"column":8}},{"start":{"line":78,"column":8},"end":{"line":78,"column":8}}]},"6":{"line":83,"type":"if","locations":[{"start":{"line":83,"column":8},"end":{"line":83,"column":8}},{"start":{"line":83,"column":8},"end":{"line":83,"column":8}}]},"7":{"line":88,"type":"if","locations":[{"start":{"line":88,"column":8},"end":{"line":88,"column":8}},{"start":{"line":88,"column":8},"end":{"line":88,"column":8}}]},"8":{"line":93,"type":"if","locations":[{"start":{"line":93,"column":8},"end":{"line":93,"column":8}},{"start":{"line":93,"column":8},"end":{"line":93,"column":8}}]},"9":{"line":98,"type":"if","locations":[{"start":{"line":98,"column":8},"end":{"line":98,"column":8}},{"start":{"line":98,"column":8},"end":{"line":98,"column":8}}]},"10":{"line":103,"type":"if","locations":[{"start":{"line":103,"column":8},"end":{"line":103,"column":8}},{"start":{"line":103,"column":8},"end":{"line":103,"column":8}}]},"11":{"line":108,"type":"if","locations":[{"start":{"line":108,"column":8},"end":{"line":108,"column":8}},{"start":{"line":108,"column":8},"end":{"line":108,"column":8}}]},"12":{"line":113,"type":"if","locations":[{"start":{"line":113,"column":8},"end":{"line":113,"column":8}},{"start":{"line":113,"column":8},"end":{"line":113,"column":8}}]},"13":{"line":118,"type":"if","locations":[{"start":{"line":118,"column":6},"end":{"line":118,"column":6}},{"start":{"line":118,"column":6},"end":{"line":118,"column":6}}]},"14":{"line":123,"type":"if","locations":[{"start":{"line":123,"column":6},"end":{"line":123,"column":6}},{"start":{"line":123,"column":6},"end":{"line":123,"column":6}}]},"15":{"line":128,"type":"if","locations":[{"start":{"line":128,"column":6},"end":{"line":128,"column":6}},{"start":{"line":128,"column":6},"end":{"line":128,"column":6}}]},"16":{"line":146,"type":"if","locations":[{"start":{"line":146,"column":8},"end":{"line":146,"column":8}},{"start":{"line":146,"column":8},"end":{"line":146,"column":8}}]},"17":{"line":150,"type":"if","locations":[{"start":{"line":150,"column":8},"end":{"line":150,"column":8}},{"start":{"line":150,"column":8},"end":{"line":150,"column":8}}]},"18":{"line":153,"type":"if","locations":[{"start":{"line":153,"column":8},"end":{"line":153,"column":8}},{"start":{"line":153,"column":8},"end":{"line":153,"column":8}}]},"19":{"line":156,"type":"if","locations":[{"start":{"line":156,"column":8},"end":{"line":156,"column":8}},{"start":{"line":156,"column":8},"end":{"line":156,"column":8}}]},"20":{"line":208,"type":"if","locations":[{"start":{"line":208,"column":8},"end":{"line":208,"column":8}},{"start":{"line":208,"column":8},"end":{"line":208,"column":8}}]},"21":{"line":246,"type":"if","locations":[{"start":{"line":246,"column":8},"end":{"line":246,"column":8}},{"start":{"line":246,"column":8},"end":{"line":246,"column":8}}]},"22":{"line":273,"type":"if","locations":[{"start":{"line":273,"column":6},"end":{"line":273,"column":6}},{"start":{"line":273,"column":6},"end":{"line":273,"column":6}}]},"23":{"line":295,"type":"if","locations":[{"start":{"line":295,"column":6},"end":{"line":295,"column":6}},{"start":{"line":295,"column":6},"end":{"line":295,"column":6}}]},"24":{"line":299,"type":"if","locations":[{"start":{"line":299,"column":6},"end":{"line":299,"column":6}},{"start":{"line":299,"column":6},"end":{"line":299,"column":6}}]},"25":{"line":328,"type":"if","locations":[{"start":{"line":328,"column":6},"end":{"line":328,"column":6}},{"start":{"line":328,"column":6},"end":{"line":328,"column":6}}]},"26":{"line":339,"type":"if","locations":[{"start":{"line":339,"column":6},"end":{"line":339,"column":6}},{"start":{"line":339,"column":6},"end":{"line":339,"column":6}}]},"27":{"line":354,"type":"if","locations":[{"start":{"line":354,"column":6},"end":{"line":354,"column":6}},{"start":{"line":354,"column":6},"end":{"line":354,"column":6}}]},"28":{"line":401,"type":"if","locations":[{"start":{"line":401,"column":8},"end":{"line":401,"column":8}},{"start":{"line":401,"column":8},"end":{"line":401,"column":8}}]},"29":{"line":403,"type":"if","locations":[{"start":{"line":403,"column":10},"end":{"line":403,"column":10}},{"start":{"line":403,"column":10},"end":{"line":403,"column":10}}]},"30":{"line":404,"type":"if","locations":[{"start":{"line":404,"column":10},"end":{"line":404,"column":10}},{"start":{"line":404,"column":10},"end":{"line":404,"column":10}}]},"31":{"line":405,"type":"if","locations":[{"start":{"line":405,"column":15},"end":{"line":405,"column":15}},{"start":{"line":405,"column":15},"end":{"line":405,"column":15}}]},"32":{"line":409,"type":"if","locations":[{"start":{"line":409,"column":10},"end":{"line":409,"column":10}},{"start":{"line":409,"column":10},"end":{"line":409,"column":10}}]},"33":{"line":410,"type":"if","locations":[{"start":{"line":410,"column":15},"end":{"line":410,"column":15}},{"start":{"line":410,"column":15},"end":{"line":410,"column":15}}]},"34":{"line":413,"type":"if","locations":[{"start":{"line":413,"column":10},"end":{"line":413,"column":10}},{"start":{"line":413,"column":10},"end":{"line":413,"column":10}}]},"35":{"line":414,"type":"if","locations":[{"start":{"line":414,"column":10},"end":{"line":414,"column":10}},{"start":{"line":414,"column":10},"end":{"line":414,"column":10}}]},"36":{"line":416,"type":"if","locations":[{"start":{"line":416,"column":15},"end":{"line":416,"column":15}},{"start":{"line":416,"column":15},"end":{"line":416,"column":15}}]},"37":{"line":419,"type":"if","locations":[{"start":{"line":419,"column":10},"end":{"line":419,"column":10}},{"start":{"line":419,"column":10},"end":{"line":419,"column":10}}]},"38":{"line":442,"type":"if","locations":[{"start":{"line":442,"column":8},"end":{"line":442,"column":8}},{"start":{"line":442,"column":8},"end":{"line":442,"column":8}}]},"39":{"line":455,"type":"if","locations":[{"start":{"line":455,"column":8},"end":{"line":455,"column":8}},{"start":{"line":455,"column":8},"end":{"line":455,"column":8}}]},"40":{"line":472,"type":"if","locations":[{"start":{"line":472,"column":8},"end":{"line":472,"column":8}},{"start":{"line":472,"column":8},"end":{"line":472,"column":8}}]}}},"contracts/DelphiVoting.sol":{"l":{"29":26,"30":25,"34":1,"35":1,"46":11,"47":11,"50":11,"53":11,"57":10,"58":7,"62":10,"65":10,"69":10,"81":9,"82":9,"85":9,"87":8,"89":8,"92":8,"93":2,"96":4,"99":1,"102":1,"106":8,"115":2,"116":2,"117":2,"120":2,"122":2,"125":2,"128":2,"141":5,"142":5,"143":5,"146":5,"148":4,"150":4,"153":3,"154":3,"155":3,"158":3,"167":23,"169":23,"178":11,"180":11,"190":48,"191":48,"194":48,"195":48,"198":48,"199":40,"209":3,"219":10,"227":7,"228":7,"237":2,"238":2,"241":2,"242":2,"243":2,"245":2,"246":0,"247":0,"249":2,"250":0,"251":0,"255":2,"256":0,"259":0,"262":2,"263":2,"266":0,"269":2,"270":0,"273":0},"path":"/Users/Mark/Desktop/Delphi/contracts/DelphiVoting.sol","s":{"1":26,"2":1,"3":1,"4":11,"5":11,"6":11,"7":11,"8":10,"9":7,"10":10,"11":10,"12":10,"13":9,"14":9,"15":9,"16":8,"17":8,"18":8,"19":2,"20":6,"21":4,"22":2,"23":1,"24":1,"25":1,"26":8,"27":2,"28":2,"29":2,"30":2,"31":2,"32":2,"33":5,"34":5,"35":5,"36":5,"37":4,"38":4,"39":3,"40":3,"41":3,"42":23,"43":23,"44":11,"45":11,"46":48,"47":48,"48":48,"49":48,"50":48,"51":8,"52":40,"53":3,"54":10,"55":7,"56":7,"57":2,"58":2,"59":2,"60":2,"61":2,"62":2,"63":0,"64":0,"65":2,"66":0,"67":0,"68":2,"69":0,"70":0,"71":2,"72":2,"73":0,"74":2,"75":0,"76":0},"b":{"1":[25,1],"2":[11,0],"3":[10,1],"4":[7,3],"5":[10,0],"6":[8,1],"7":[8,0],"8":[8,0],"9":[2,6],"10":[4,2],"11":[1,1],"12":[1,0],"13":[2,0],"14":[2,0],"15":[4,1],"16":[4,0],"17":[3,1],"18":[23,0],"19":[11,0],"20":[48,0],"21":[48,0],"22":[8,40],"23":[2,0],"24":[0,2],"25":[0,2],"26":[0,2],"27":[0,0],"28":[2,0],"29":[0,2],"30":[0,2],"31":[0,0]},"f":{"1":26,"2":1,"3":11,"4":9,"5":2,"6":5,"7":23,"8":11,"9":48,"10":3,"11":10,"12":7,"13":2},"fnMap":{"1":{"name":"onlyArbiters","line":28,"loc":{"start":{"line":28,"column":2},"end":{"line":28,"column":41}}},"2":{"name":"DelphiVoting","line":33,"loc":{"start":{"line":33,"column":2},"end":{"line":33,"column":75}}},"3":{"name":"commitVote","line":44,"loc":{"start":{"line":44,"column":2},"end":{"line":45,"column":35}}},"4":{"name":"revealVote","line":79,"loc":{"start":{"line":79,"column":2},"end":{"line":80,"column":35}}},"5":{"name":"submitRuling","line":114,"loc":{"start":{"line":114,"column":2},"end":{"line":114,"column":65}}},"6":{"name":"claimFee","line":139,"loc":{"start":{"line":139,"column":2},"end":{"line":140,"column":35}}},"7":{"name":"commitPeriodActive","line":166,"loc":{"start":{"line":166,"column":2},"end":{"line":166,"column":74}}},"8":{"name":"revealPeriodActive","line":177,"loc":{"start":{"line":177,"column":2},"end":{"line":177,"column":74}}},"9":{"name":"claimExists","line":189,"loc":{"start":{"line":189,"column":2},"end":{"line":189,"column":67}}},"10":{"name":"getArbiterCommitForClaim","line":207,"loc":{"start":{"line":207,"column":2},"end":{"line":208,"column":33}}},"11":{"name":"revealedVotesForOption","line":218,"loc":{"start":{"line":218,"column":2},"end":{"line":218,"column":92}}},"12":{"name":"initializeClaim","line":226,"loc":{"start":{"line":226,"column":2},"end":{"line":226,"column":52}}},"13":{"name":"tallyVotes","line":236,"loc":{"start":{"line":236,"column":2},"end":{"line":236,"column":51}}}},"statementMap":{"1":{"start":{"line":29,"column":4},"end":{"line":29,"column":57}},"2":{"start":{"line":34,"column":4},"end":{"line":34,"column":37}},"3":{"start":{"line":35,"column":4},"end":{"line":35,"column":48}},"4":{"start":{"line":46,"column":4},"end":{"line":46,"column":52}},"5":{"start":{"line":47,"column":4},"end":{"line":47,"column":39}},"6":{"start":{"line":50,"column":4},"end":{"line":50,"column":28}},"7":{"start":{"line":53,"column":4},"end":{"line":53,"column":44}},"8":{"start":{"line":57,"column":4},"end":{"line":57,"column":1879}},"9":{"start":{"line":58,"column":6},"end":{"line":58,"column":29}},"10":{"start":{"line":62,"column":4},"end":{"line":62,"column":39}},"11":{"start":{"line":65,"column":4},"end":{"line":65,"column":52}},"12":{"start":{"line":69,"column":4},"end":{"line":69,"column":37}},"13":{"start":{"line":81,"column":4},"end":{"line":81,"column":40}},"14":{"start":{"line":82,"column":4},"end":{"line":82,"column":41}},"15":{"start":{"line":85,"column":4},"end":{"line":85,"column":40}},"16":{"start":{"line":87,"column":4},"end":{"line":87,"column":42}},"17":{"start":{"line":89,"column":4},"end":{"line":89,"column":75}},"18":{"start":{"line":92,"column":4},"end":{"line":92,"column":3332}},"19":{"start":{"line":93,"column":6},"end":{"line":93,"column":52}},"20":{"start":{"line":95,"column":9},"end":{"line":95,"column":3438}},"21":{"start":{"line":96,"column":6},"end":{"line":96,"column":55}},"22":{"start":{"line":98,"column":9},"end":{"line":98,"column":3550}},"23":{"start":{"line":99,"column":6},"end":{"line":99,"column":52}},"24":{"start":{"line":101,"column":9},"end":{"line":101,"column":3656}},"25":{"start":{"line":102,"column":6},"end":{"line":102,"column":48}},"26":{"start":{"line":106,"column":4},"end":{"line":106,"column":39}},"27":{"start":{"line":115,"column":4},"end":{"line":115,"column":52}},"28":{"start":{"line":116,"column":4},"end":{"line":116,"column":39}},"29":{"start":{"line":117,"column":4},"end":{"line":117,"column":40}},"30":{"start":{"line":120,"column":4},"end":{"line":120,"column":32}},"31":{"start":{"line":122,"column":4},"end":{"line":122,"column":72}},"32":{"start":{"line":125,"column":4},"end":{"line":125,"column":20}},"33":{"start":{"line":141,"column":4},"end":{"line":141,"column":39}},"34":{"start":{"line":142,"column":4},"end":{"line":142,"column":27}},"35":{"start":{"line":143,"column":4},"end":{"line":143,"column":64}},"36":{"start":{"line":146,"column":4},"end":{"line":146,"column":44}},"37":{"start":{"line":148,"column":4},"end":{"line":148,"column":64}},"38":{"start":{"line":150,"column":4},"end":{"line":150,"column":46}},"39":{"start":{"line":153,"column":4},"end":{"line":153,"column":55}},"40":{"start":{"line":154,"column":4},"end":{"line":154,"column":63}},"41":{"start":{"line":158,"column":4},"end":{"line":158,"column":41}},"42":{"start":{"line":167,"column":6},"end":{"line":167,"column":35}},"43":{"start":{"line":169,"column":6},"end":{"line":169,"column":63}},"44":{"start":{"line":178,"column":6},"end":{"line":178,"column":35}},"45":{"start":{"line":180,"column":6},"end":{"line":180,"column":7031}},"46":{"start":{"line":190,"column":4},"end":{"line":190,"column":54}},"47":{"start":{"line":191,"column":4},"end":{"line":191,"column":54}},"48":{"start":{"line":194,"column":4},"end":{"line":194,"column":54}},"49":{"start":{"line":195,"column":4},"end":{"line":195,"column":54}},"50":{"start":{"line":198,"column":4},"end":{"line":198,"column":65}},"51":{"start":{"line":198,"column":51},"end":{"line":198,"column":63}},"52":{"start":{"line":199,"column":4},"end":{"line":199,"column":15}},"53":{"start":{"line":209,"column":4},"end":{"line":209,"column":45}},"54":{"start":{"line":219,"column":4},"end":{"line":219,"column":44}},"55":{"start":{"line":227,"column":4},"end":{"line":227,"column":77}},"56":{"start":{"line":228,"column":4},"end":{"line":228,"column":9032}},"57":{"start":{"line":237,"column":4},"end":{"line":237,"column":62}},"58":{"start":{"line":238,"column":4},"end":{"line":238,"column":40}},"59":{"start":{"line":241,"column":4},"end":{"line":241,"column":9429}},"60":{"start":{"line":242,"column":6},"end":{"line":242,"column":62}},"61":{"start":{"line":243,"column":6},"end":{"line":243,"column":45}},"62":{"start":{"line":245,"column":4},"end":{"line":245,"column":9616}},"63":{"start":{"line":246,"column":6},"end":{"line":246,"column":59}},"64":{"start":{"line":247,"column":6},"end":{"line":247,"column":42}},"65":{"start":{"line":249,"column":4},"end":{"line":249,"column":9794}},"66":{"start":{"line":250,"column":6},"end":{"line":250,"column":55}},"67":{"start":{"line":251,"column":6},"end":{"line":251,"column":38}},"68":{"start":{"line":255,"column":4},"end":{"line":255,"column":10031}},"69":{"start":{"line":256,"column":6},"end":{"line":256,"column":10084}},"70":{"start":{"line":259,"column":8},"end":{"line":259,"column":40}},"71":{"start":{"line":262,"column":4},"end":{"line":262,"column":10340}},"72":{"start":{"line":263,"column":6},"end":{"line":263,"column":10396}},"73":{"start":{"line":266,"column":8},"end":{"line":266,"column":40}},"74":{"start":{"line":269,"column":4},"end":{"line":269,"column":10649}},"75":{"start":{"line":270,"column":6},"end":{"line":270,"column":10702}},"76":{"start":{"line":273,"column":8},"end":{"line":273,"column":40}}},"branchMap":{"1":{"line":29,"type":"if","locations":[{"start":{"line":29,"column":4},"end":{"line":29,"column":4}},{"start":{"line":29,"column":4},"end":{"line":29,"column":4}}]},"2":{"line":50,"type":"if","locations":[{"start":{"line":50,"column":4},"end":{"line":50,"column":4}},{"start":{"line":50,"column":4},"end":{"line":50,"column":4}}]},"3":{"line":53,"type":"if","locations":[{"start":{"line":53,"column":4},"end":{"line":53,"column":4}},{"start":{"line":53,"column":4},"end":{"line":53,"column":4}}]},"4":{"line":57,"type":"if","locations":[{"start":{"line":57,"column":4},"end":{"line":57,"column":4}},{"start":{"line":57,"column":4},"end":{"line":57,"column":4}}]},"5":{"line":62,"type":"if","locations":[{"start":{"line":62,"column":4},"end":{"line":62,"column":4}},{"start":{"line":62,"column":4},"end":{"line":62,"column":4}}]},"6":{"line":85,"type":"if","locations":[{"start":{"line":85,"column":4},"end":{"line":85,"column":4}},{"start":{"line":85,"column":4},"end":{"line":85,"column":4}}]},"7":{"line":87,"type":"if","locations":[{"start":{"line":87,"column":4},"end":{"line":87,"column":4}},{"start":{"line":87,"column":4},"end":{"line":87,"column":4}}]},"8":{"line":89,"type":"if","locations":[{"start":{"line":89,"column":4},"end":{"line":89,"column":4}},{"start":{"line":89,"column":4},"end":{"line":89,"column":4}}]},"9":{"line":92,"type":"if","locations":[{"start":{"line":92,"column":4},"end":{"line":92,"column":4}},{"start":{"line":92,"column":4},"end":{"line":92,"column":4}}]},"10":{"line":95,"type":"if","locations":[{"start":{"line":95,"column":9},"end":{"line":95,"column":9}},{"start":{"line":95,"column":9},"end":{"line":95,"column":9}}]},"11":{"line":98,"type":"if","locations":[{"start":{"line":98,"column":9},"end":{"line":98,"column":9}},{"start":{"line":98,"column":9},"end":{"line":98,"column":9}}]},"12":{"line":101,"type":"if","locations":[{"start":{"line":101,"column":9},"end":{"line":101,"column":9}},{"start":{"line":101,"column":9},"end":{"line":101,"column":9}}]},"13":{"line":120,"type":"if","locations":[{"start":{"line":120,"column":4},"end":{"line":120,"column":4}},{"start":{"line":120,"column":4},"end":{"line":120,"column":4}}]},"14":{"line":122,"type":"if","locations":[{"start":{"line":122,"column":4},"end":{"line":122,"column":4}},{"start":{"line":122,"column":4},"end":{"line":122,"column":4}}]},"15":{"line":146,"type":"if","locations":[{"start":{"line":146,"column":4},"end":{"line":146,"column":4}},{"start":{"line":146,"column":4},"end":{"line":146,"column":4}}]},"16":{"line":148,"type":"if","locations":[{"start":{"line":148,"column":4},"end":{"line":148,"column":4}},{"start":{"line":148,"column":4},"end":{"line":148,"column":4}}]},"17":{"line":150,"type":"if","locations":[{"start":{"line":150,"column":4},"end":{"line":150,"column":4}},{"start":{"line":150,"column":4},"end":{"line":150,"column":4}}]},"18":{"line":167,"type":"if","locations":[{"start":{"line":167,"column":6},"end":{"line":167,"column":6}},{"start":{"line":167,"column":6},"end":{"line":167,"column":6}}]},"19":{"line":178,"type":"if","locations":[{"start":{"line":178,"column":6},"end":{"line":178,"column":6}},{"start":{"line":178,"column":6},"end":{"line":178,"column":6}}]},"20":{"line":194,"type":"if","locations":[{"start":{"line":194,"column":4},"end":{"line":194,"column":4}},{"start":{"line":194,"column":4},"end":{"line":194,"column":4}}]},"21":{"line":195,"type":"if","locations":[{"start":{"line":195,"column":4},"end":{"line":195,"column":4}},{"start":{"line":195,"column":4},"end":{"line":195,"column":4}}]},"22":{"line":198,"type":"if","locations":[{"start":{"line":198,"column":4},"end":{"line":198,"column":4}},{"start":{"line":198,"column":4},"end":{"line":198,"column":4}}]},"23":{"line":241,"type":"if","locations":[{"start":{"line":241,"column":4},"end":{"line":241,"column":4}},{"start":{"line":241,"column":4},"end":{"line":241,"column":4}}]},"24":{"line":245,"type":"if","locations":[{"start":{"line":245,"column":4},"end":{"line":245,"column":4}},{"start":{"line":245,"column":4},"end":{"line":245,"column":4}}]},"25":{"line":249,"type":"if","locations":[{"start":{"line":249,"column":4},"end":{"line":249,"column":4}},{"start":{"line":249,"column":4},"end":{"line":249,"column":4}}]},"26":{"line":255,"type":"if","locations":[{"start":{"line":255,"column":4},"end":{"line":255,"column":4}},{"start":{"line":255,"column":4},"end":{"line":255,"column":4}}]},"27":{"line":256,"type":"if","locations":[{"start":{"line":256,"column":6},"end":{"line":256,"column":6}},{"start":{"line":256,"column":6},"end":{"line":256,"column":6}}]},"28":{"line":262,"type":"if","locations":[{"start":{"line":262,"column":4},"end":{"line":262,"column":4}},{"start":{"line":262,"column":4},"end":{"line":262,"column":4}}]},"29":{"line":263,"type":"if","locations":[{"start":{"line":263,"column":6},"end":{"line":263,"column":6}},{"start":{"line":263,"column":6},"end":{"line":263,"column":6}}]},"30":{"line":269,"type":"if","locations":[{"start":{"line":269,"column":4},"end":{"line":269,"column":4}},{"start":{"line":269,"column":4},"end":{"line":269,"column":4}}]},"31":{"line":270,"type":"if","locations":[{"start":{"line":270,"column":6},"end":{"line":270,"column":6}},{"start":{"line":270,"column":6},"end":{"line":270,"column":6}}]}}},"contracts/deps/Parameterizer.sol":{"l":{"93":1,"94":1,"96":1,"97":1,"98":1,"99":1,"100":1,"101":1,"102":1,"103":1,"104":1,"105":1,"106":1,"107":1,"120":0,"121":0,"123":0,"124":0,"125":0,"128":0,"139":0,"140":0,"148":0,"149":0,"151":0,"154":0,"156":0,"162":0,"170":0,"172":0,"173":0,"181":0,"183":0,"184":0,"186":0,"188":0,"190":0,"193":0,"203":0,"204":0,"206":0,"207":0,"211":0,"212":0,"214":0,"217":0,"233":0,"234":0,"235":0,"236":0,"244":0,"246":0,"254":0,"262":0,"263":0,"265":0,"274":0,"276":0,"279":0,"287":24,"299":0,"300":0,"303":0,"305":0,"306":0,"307":0,"309":0,"312":0,"315":0,"317":0,"326":12},"path":"/Users/Mark/Desktop/Delphi/contracts/deps/Parameterizer.sol","s":{"1":1,"2":1,"3":1,"4":1,"5":1,"6":1,"7":1,"8":1,"9":1,"10":1,"11":1,"12":1,"13":1,"14":1,"15":0,"16":0,"17":0,"18":0,"19":0,"20":0,"21":0,"22":0,"23":0,"24":0,"25":0,"26":0,"27":0,"28":0,"29":0,"30":0,"31":0,"32":0,"33":0,"34":0,"35":0,"36":0,"37":0,"38":0,"39":0,"40":0,"41":0,"42":0,"43":0,"44":0,"45":0,"46":0,"47":0,"48":0,"49":0,"50":0,"51":0,"52":0,"53":0,"54":0,"55":0,"56":0,"57":0,"58":0,"59":0,"60":0,"61":24,"62":0,"63":0,"64":0,"65":0,"66":0,"67":0,"68":0,"69":0,"70":0,"71":0,"72":12},"b":{"1":[0,0],"2":[0,0],"3":[0,0],"4":[0,0],"5":[0,0],"6":[0,0],"7":[0,0],"8":[0,0],"9":[0,0],"10":[0,0],"11":[0,0],"12":[0,0],"13":[0,0],"14":[0,0],"15":[0,0],"16":[0,0],"17":[0,0]},"f":{"1":1,"2":0,"3":0,"4":0,"5":0,"6":0,"7":0,"8":0,"9":0,"10":0,"11":24,"12":0,"13":12},"fnMap":{"1":{"name":"Parameterizer","line":77,"loc":{"start":{"line":77,"column":2},"end":{"line":92,"column":14}}},"2":{"name":"proposeReparameterization","line":119,"loc":{"start":{"line":119,"column":2},"end":{"line":119,"column":88}}},"3":{"name":"challengeReparameterization","line":147,"loc":{"start":{"line":147,"column":2},"end":{"line":147,"column":89}}},"4":{"name":"processProposal","line":180,"loc":{"start":{"line":180,"column":2},"end":{"line":180,"column":50}}},"5":{"name":"claimReward","line":201,"loc":{"start":{"line":201,"column":2},"end":{"line":201,"column":60}}},"6":{"name":"voterReward","line":231,"loc":{"start":{"line":231,"column":2},"end":{"line":232,"column":30}}},"7":{"name":"canBeSet","line":243,"loc":{"start":{"line":243,"column":2},"end":{"line":243,"column":63}}},"8":{"name":"propExists","line":253,"loc":{"start":{"line":253,"column":2},"end":{"line":253,"column":65}}},"9":{"name":"challengeCanBeResolved","line":261,"loc":{"start":{"line":261,"column":2},"end":{"line":261,"column":77}}},"10":{"name":"challengeWinnerReward","line":273,"loc":{"start":{"line":273,"column":2},"end":{"line":273,"column":78}}},"11":{"name":"get","line":286,"loc":{"start":{"line":286,"column":2},"end":{"line":286,"column":61}}},"12":{"name":"resolveChallenge","line":298,"loc":{"start":{"line":298,"column":2},"end":{"line":298,"column":52}}},"13":{"name":"set","line":325,"loc":{"start":{"line":325,"column":2},"end":{"line":325,"column":49}}}},"statementMap":{"1":{"start":{"line":93,"column":6},"end":{"line":93,"column":30}},"2":{"start":{"line":94,"column":6},"end":{"line":94,"column":35}},"3":{"start":{"line":96,"column":6},"end":{"line":96,"column":35}},"4":{"start":{"line":97,"column":6},"end":{"line":97,"column":37}},"5":{"start":{"line":98,"column":6},"end":{"line":98,"column":41}},"6":{"start":{"line":99,"column":6},"end":{"line":99,"column":43}},"7":{"start":{"line":100,"column":6},"end":{"line":100,"column":43}},"8":{"start":{"line":101,"column":6},"end":{"line":101,"column":45}},"9":{"start":{"line":102,"column":6},"end":{"line":102,"column":43}},"10":{"start":{"line":103,"column":6},"end":{"line":103,"column":45}},"11":{"start":{"line":104,"column":6},"end":{"line":104,"column":45}},"12":{"start":{"line":105,"column":6},"end":{"line":105,"column":47}},"13":{"start":{"line":106,"column":6},"end":{"line":106,"column":35}},"14":{"start":{"line":107,"column":6},"end":{"line":107,"column":37}},"15":{"start":{"line":120,"column":4},"end":{"line":120,"column":36}},"16":{"start":{"line":121,"column":4},"end":{"line":121,"column":44}},"17":{"start":{"line":123,"column":4},"end":{"line":123,"column":31}},"18":{"start":{"line":124,"column":4},"end":{"line":124,"column":32}},"19":{"start":{"line":125,"column":4},"end":{"line":125,"column":57}},"20":{"start":{"line":128,"column":4},"end":{"line":128,"column":4386}},"21":{"start":{"line":139,"column":4},"end":{"line":139,"column":65}},"22":{"start":{"line":140,"column":4},"end":{"line":140,"column":17}},"23":{"start":{"line":148,"column":4},"end":{"line":148,"column":49}},"24":{"start":{"line":149,"column":4},"end":{"line":149,"column":36}},"25":{"start":{"line":151,"column":4},"end":{"line":151,"column":56}},"26":{"start":{"line":154,"column":4},"end":{"line":154,"column":57}},"27":{"start":{"line":156,"column":4},"end":{"line":156,"column":5291}},"28":{"start":{"line":162,"column":4},"end":{"line":162,"column":5421}},"29":{"start":{"line":170,"column":4},"end":{"line":170,"column":42}},"30":{"start":{"line":172,"column":4},"end":{"line":172,"column":45}},"31":{"start":{"line":173,"column":4},"end":{"line":173,"column":17}},"32":{"start":{"line":181,"column":4},"end":{"line":181,"column":50}},"33":{"start":{"line":183,"column":4},"end":{"line":183,"column":6205}},"34":{"start":{"line":184,"column":6},"end":{"line":184,"column":31}},"35":{"start":{"line":185,"column":11},"end":{"line":185,"column":6275}},"36":{"start":{"line":186,"column":6},"end":{"line":186,"column":30}},"37":{"start":{"line":187,"column":11},"end":{"line":187,"column":6358}},"38":{"start":{"line":188,"column":6},"end":{"line":188,"column":54}},"39":{"start":{"line":190,"column":6},"end":{"line":190,"column":13}},"40":{"start":{"line":203,"column":4},"end":{"line":203,"column":69}},"41":{"start":{"line":204,"column":4},"end":{"line":204,"column":53}},"42":{"start":{"line":206,"column":4},"end":{"line":206,"column":81}},"43":{"start":{"line":207,"column":4},"end":{"line":207,"column":61}},"44":{"start":{"line":211,"column":4},"end":{"line":211,"column":56}},"45":{"start":{"line":212,"column":4},"end":{"line":212,"column":48}},"46":{"start":{"line":214,"column":4},"end":{"line":214,"column":46}},"47":{"start":{"line":217,"column":4},"end":{"line":217,"column":58}},"48":{"start":{"line":233,"column":4},"end":{"line":233,"column":62}},"49":{"start":{"line":234,"column":4},"end":{"line":234,"column":56}},"50":{"start":{"line":235,"column":4},"end":{"line":235,"column":77}},"51":{"start":{"line":236,"column":4},"end":{"line":236,"column":53}},"52":{"start":{"line":244,"column":4},"end":{"line":244,"column":49}},"53":{"start":{"line":246,"column":4},"end":{"line":246,"column":82}},"54":{"start":{"line":254,"column":4},"end":{"line":254,"column":43}},"55":{"start":{"line":262,"column":4},"end":{"line":262,"column":49}},"56":{"start":{"line":263,"column":4},"end":{"line":263,"column":60}},"57":{"start":{"line":265,"column":4},"end":{"line":265,"column":9506}},"58":{"start":{"line":274,"column":4},"end":{"line":274,"column":9829}},"59":{"start":{"line":276,"column":6},"end":{"line":276,"column":47}},"60":{"start":{"line":279,"column":4},"end":{"line":279,"column":85}},"61":{"start":{"line":287,"column":4},"end":{"line":287,"column":35}},"62":{"start":{"line":299,"column":4},"end":{"line":299,"column":49}},"63":{"start":{"line":300,"column":4},"end":{"line":300,"column":61}},"64":{"start":{"line":303,"column":4},"end":{"line":303,"column":56}},"65":{"start":{"line":305,"column":4},"end":{"line":305,"column":10969}},"66":{"start":{"line":306,"column":6},"end":{"line":306,"column":11042}},"67":{"start":{"line":307,"column":8},"end":{"line":307,"column":33}},"68":{"start":{"line":309,"column":6},"end":{"line":309,"column":48}},"69":{"start":{"line":312,"column":6},"end":{"line":312,"column":77}},"70":{"start":{"line":315,"column":4},"end":{"line":315,"column":11362}},"71":{"start":{"line":317,"column":4},"end":{"line":317,"column":28}},"72":{"start":{"line":326,"column":4},"end":{"line":326,"column":36}}},"branchMap":{"1":{"line":123,"type":"if","locations":[{"start":{"line":123,"column":4},"end":{"line":123,"column":4}},{"start":{"line":123,"column":4},"end":{"line":123,"column":4}}]},"2":{"line":124,"type":"if","locations":[{"start":{"line":124,"column":4},"end":{"line":124,"column":4}},{"start":{"line":124,"column":4},"end":{"line":124,"column":4}}]},"3":{"line":125,"type":"if","locations":[{"start":{"line":125,"column":4},"end":{"line":125,"column":4}},{"start":{"line":125,"column":4},"end":{"line":125,"column":4}}]},"4":{"line":151,"type":"if","locations":[{"start":{"line":151,"column":4},"end":{"line":151,"column":4}},{"start":{"line":151,"column":4},"end":{"line":151,"column":4}}]},"5":{"line":154,"type":"if","locations":[{"start":{"line":154,"column":4},"end":{"line":154,"column":4}},{"start":{"line":154,"column":4},"end":{"line":154,"column":4}}]},"6":{"line":183,"type":"if","locations":[{"start":{"line":183,"column":4},"end":{"line":183,"column":4}},{"start":{"line":183,"column":4},"end":{"line":183,"column":4}}]},"7":{"line":185,"type":"if","locations":[{"start":{"line":185,"column":11},"end":{"line":185,"column":11}},{"start":{"line":185,"column":11},"end":{"line":185,"column":11}}]},"8":{"line":187,"type":"if","locations":[{"start":{"line":187,"column":11},"end":{"line":187,"column":11}},{"start":{"line":187,"column":11},"end":{"line":187,"column":11}}]},"9":{"line":188,"type":"if","locations":[{"start":{"line":188,"column":6},"end":{"line":188,"column":6}},{"start":{"line":188,"column":6},"end":{"line":188,"column":6}}]},"10":{"line":203,"type":"if","locations":[{"start":{"line":203,"column":4},"end":{"line":203,"column":4}},{"start":{"line":203,"column":4},"end":{"line":203,"column":4}}]},"11":{"line":204,"type":"if","locations":[{"start":{"line":204,"column":4},"end":{"line":204,"column":4}},{"start":{"line":204,"column":4},"end":{"line":204,"column":4}}]},"12":{"line":214,"type":"if","locations":[{"start":{"line":214,"column":4},"end":{"line":214,"column":4}},{"start":{"line":214,"column":4},"end":{"line":214,"column":4}}]},"13":{"line":274,"type":"if","locations":[{"start":{"line":274,"column":4},"end":{"line":274,"column":4}},{"start":{"line":274,"column":4},"end":{"line":274,"column":4}}]},"14":{"line":305,"type":"if","locations":[{"start":{"line":305,"column":4},"end":{"line":305,"column":4}},{"start":{"line":305,"column":4},"end":{"line":305,"column":4}}]},"15":{"line":306,"type":"if","locations":[{"start":{"line":306,"column":6},"end":{"line":306,"column":6}},{"start":{"line":306,"column":6},"end":{"line":306,"column":6}}]},"16":{"line":309,"type":"if","locations":[{"start":{"line":309,"column":6},"end":{"line":309,"column":6}},{"start":{"line":309,"column":6},"end":{"line":309,"column":6}}]},"17":{"line":312,"type":"if","locations":[{"start":{"line":312,"column":6},"end":{"line":312,"column":6}},{"start":{"line":312,"column":6},"end":{"line":312,"column":6}}]}}},"contracts/deps/PLCRVoting.sol":{"l":{"61":1,"62":1,"75":0,"76":0,"77":0,"78":0,"86":0,"87":0,"88":0,"89":0,"90":0,"98":0,"99":0,"101":0,"116":0,"117":0,"118":0,"122":0,"124":0,"127":0,"129":0,"130":0,"132":0,"134":0,"135":0,"137":0,"149":0,"151":0,"152":0,"163":0,"164":0,"165":0,"167":0,"169":0,"170":0,"172":0,"174":0,"176":0,"185":0,"186":0,"188":0,"189":0,"190":0,"192":0,"194":0,"208":0,"210":0,"218":0,"219":0,"228":0,"230":0,"231":0,"244":0,"246":0,"247":0,"249":0,"258":0,"260":0,"270":0,"272":0,"281":0,"283":0,"293":0,"295":0,"304":0,"305":0,"307":0,"308":0,"310":0,"311":0,"325":0,"335":0,"344":0,"353":0,"364":0,"365":0,"367":0,"368":0,"369":0,"370":0,"372":0,"375":0,"388":0,"397":0},"path":"/Users/Mark/Desktop/Delphi/contracts/deps/PLCRVoting.sol","s":{"1":1,"2":1,"3":0,"4":0,"5":0,"6":0,"7":0,"8":0,"9":0,"10":0,"11":0,"12":0,"13":0,"14":0,"15":0,"16":0,"17":0,"18":0,"19":0,"20":0,"21":0,"22":0,"23":0,"24":0,"25":0,"26":0,"27":0,"28":0,"29":0,"30":0,"31":0,"32":0,"33":0,"34":0,"35":0,"36":0,"37":0,"38":0,"39":0,"40":0,"41":0,"42":0,"43":0,"44":0,"45":0,"46":0,"47":0,"48":0,"49":0,"50":0,"51":0,"52":0,"53":0,"54":0,"55":0,"56":0,"57":0,"58":0,"59":0,"60":0,"61":0,"62":0,"63":0,"64":0,"65":0,"66":0,"67":0,"68":0,"69":0,"70":0,"71":0,"72":0,"73":0,"74":0,"75":0,"76":0,"77":0,"78":0,"79":0,"80":0},"b":{"1":[0,0],"2":[0,0],"3":[0,0],"4":[0,0],"5":[0,0],"6":[0,0],"7":[0,0],"8":[0,0],"9":[0,0],"10":[0,0],"11":[0,0],"12":[0,0],"13":[0,0],"14":[0,0],"15":[0,0],"16":[0,0],"17":[0,0],"18":[0,0],"19":[0,0],"20":[0,0],"21":[0,0],"22":[0,0],"23":[0,0],"24":[0,0],"25":[0,0],"26":[0,0],"27":[0,0],"28":[0,0],"29":[0,0]},"f":{"1":1,"2":0,"3":0,"4":0,"5":0,"6":0,"7":0,"8":0,"9":0,"10":0,"11":0,"12":0,"13":0,"14":0,"15":0,"16":0,"17":0,"18":0,"19":0,"20":0,"21":0,"22":0,"23":0},"fnMap":{"1":{"name":"PLCRVoting","line":60,"loc":{"start":{"line":60,"column":4},"end":{"line":60,"column":48}}},"2":{"name":"requestVotingRights","line":74,"loc":{"start":{"line":74,"column":4},"end":{"line":74,"column":56}}},"3":{"name":"withdrawVotingRights","line":85,"loc":{"start":{"line":85,"column":4},"end":{"line":85,"column":57}}},"4":{"name":"rescueTokens","line":97,"loc":{"start":{"line":97,"column":4},"end":{"line":97,"column":46}}},"5":{"name":"commitVote","line":115,"loc":{"start":{"line":115,"column":4},"end":{"line":115,"column":100}}},"6":{"name":"validPosition","line":148,"loc":{"start":{"line":148,"column":4},"end":{"line":148,"column":122}}},"7":{"name":"revealVote","line":161,"loc":{"start":{"line":161,"column":4},"end":{"line":161,"column":74}}},"8":{"name":"getNumPassingTokens","line":184,"loc":{"start":{"line":184,"column":4},"end":{"line":184,"column":116}}},"9":{"name":"startPoll","line":207,"loc":{"start":{"line":207,"column":4},"end":{"line":207,"column":111}}},"10":{"name":"isPassed","line":227,"loc":{"start":{"line":227,"column":4},"end":{"line":227,"column":71}}},"11":{"name":"getTotalNumberOfTokensForWinningOption","line":243,"loc":{"start":{"line":243,"column":4},"end":{"line":243,"column":104}}},"12":{"name":"pollEnded","line":257,"loc":{"start":{"line":257,"column":4},"end":{"line":257,"column":71}}},"13":{"name":"commitPeriodActive","line":269,"loc":{"start":{"line":269,"column":4},"end":{"line":269,"column":81}}},"14":{"name":"revealPeriodActive","line":280,"loc":{"start":{"line":280,"column":4},"end":{"line":280,"column":81}}},"15":{"name":"hasBeenRevealed","line":292,"loc":{"start":{"line":292,"column":4},"end":{"line":292,"column":96}}},"16":{"name":"pollExists","line":303,"loc":{"start":{"line":303,"column":4},"end":{"line":303,"column":73}}},"17":{"name":"getCommitHash","line":324,"loc":{"start":{"line":324,"column":4},"end":{"line":324,"column":99}}},"18":{"name":"getNumTokens","line":334,"loc":{"start":{"line":334,"column":4},"end":{"line":334,"column":94}}},"19":{"name":"getLastNode","line":343,"loc":{"start":{"line":343,"column":4},"end":{"line":343,"column":76}}},"20":{"name":"getLockedTokens","line":352,"loc":{"start":{"line":352,"column":4},"end":{"line":352,"column":83}}},"21":{"name":"getInsertPointForNumTokens","line":362,"loc":{"start":{"line":362,"column":4},"end":{"line":363,"column":45}}},"22":{"name":"isExpired","line":387,"loc":{"start":{"line":387,"column":4},"end":{"line":387,"column":82}}},"23":{"name":"attrUUID","line":396,"loc":{"start":{"line":396,"column":4},"end":{"line":396,"column":83}}}},"statementMap":{"1":{"start":{"line":61,"column":8},"end":{"line":61,"column":32}},"2":{"start":{"line":62,"column":8},"end":{"line":62,"column":37}},"3":{"start":{"line":75,"column":8},"end":{"line":75,"column":57}},"4":{"start":{"line":76,"column":8},"end":{"line":76,"column":64}},"5":{"start":{"line":77,"column":8},"end":{"line":77,"column":49}},"6":{"start":{"line":78,"column":8},"end":{"line":78,"column":50}},"7":{"start":{"line":86,"column":8},"end":{"line":86,"column":88}},"8":{"start":{"line":87,"column":8},"end":{"line":87,"column":45}},"9":{"start":{"line":88,"column":8},"end":{"line":88,"column":54}},"10":{"start":{"line":89,"column":8},"end":{"line":89,"column":49}},"11":{"start":{"line":90,"column":8},"end":{"line":90,"column":52}},"12":{"start":{"line":98,"column":8},"end":{"line":98,"column":34}},"13":{"start":{"line":99,"column":8},"end":{"line":99,"column":53}},"14":{"start":{"line":116,"column":8},"end":{"line":116,"column":43}},"15":{"start":{"line":117,"column":8},"end":{"line":117,"column":58}},"16":{"start":{"line":118,"column":8},"end":{"line":118,"column":28}},"17":{"start":{"line":122,"column":8},"end":{"line":122,"column":79}},"18":{"start":{"line":124,"column":8},"end":{"line":124,"column":64}},"19":{"start":{"line":127,"column":8},"end":{"line":127,"column":94}},"20":{"start":{"line":129,"column":8},"end":{"line":129,"column":78}},"21":{"start":{"line":132,"column":8},"end":{"line":132,"column":51}},"22":{"start":{"line":137,"column":8},"end":{"line":137,"column":53}},"23":{"start":{"line":149,"column":8},"end":{"line":149,"column":69}},"24":{"start":{"line":151,"column":8},"end":{"line":151,"column":85}},"25":{"start":{"line":152,"column":8},"end":{"line":152,"column":37}},"26":{"start":{"line":163,"column":8},"end":{"line":163,"column":43}},"27":{"start":{"line":164,"column":8},"end":{"line":164,"column":53}},"28":{"start":{"line":165,"column":8},"end":{"line":165,"column":83}},"29":{"start":{"line":167,"column":8},"end":{"line":167,"column":57}},"30":{"start":{"line":169,"column":8},"end":{"line":169,"column":7242}},"31":{"start":{"line":170,"column":12},"end":{"line":170,"column":49}},"32":{"start":{"line":172,"column":12},"end":{"line":172,"column":53}},"33":{"start":{"line":176,"column":8},"end":{"line":176,"column":64}},"34":{"start":{"line":185,"column":8},"end":{"line":185,"column":34}},"35":{"start":{"line":186,"column":8},"end":{"line":186,"column":48}},"36":{"start":{"line":188,"column":8},"end":{"line":188,"column":53}},"37":{"start":{"line":189,"column":8},"end":{"line":189,"column":59}},"38":{"start":{"line":190,"column":8},"end":{"line":190,"column":58}},"39":{"start":{"line":192,"column":8},"end":{"line":192,"column":40}},"40":{"start":{"line":194,"column":8},"end":{"line":194,"column":44}},"41":{"start":{"line":208,"column":8},"end":{"line":208,"column":32}},"42":{"start":{"line":210,"column":8},"end":{"line":210,"column":8869}},"43":{"start":{"line":218,"column":8},"end":{"line":218,"column":76}},"44":{"start":{"line":219,"column":8},"end":{"line":219,"column":24}},"45":{"start":{"line":228,"column":8},"end":{"line":228,"column":34}},"46":{"start":{"line":230,"column":8},"end":{"line":230,"column":42}},"47":{"start":{"line":231,"column":8},"end":{"line":231,"column":94}},"48":{"start":{"line":244,"column":8},"end":{"line":244,"column":34}},"49":{"start":{"line":246,"column":8},"end":{"line":246,"column":10234}},"50":{"start":{"line":247,"column":12},"end":{"line":247,"column":44}},"51":{"start":{"line":249,"column":12},"end":{"line":249,"column":48}},"52":{"start":{"line":258,"column":8},"end":{"line":258,"column":35}},"53":{"start":{"line":260,"column":8},"end":{"line":260,"column":56}},"54":{"start":{"line":270,"column":8},"end":{"line":270,"column":35}},"55":{"start":{"line":272,"column":8},"end":{"line":272,"column":57}},"56":{"start":{"line":281,"column":8},"end":{"line":281,"column":35}},"57":{"start":{"line":283,"column":8},"end":{"line":283,"column":89}},"58":{"start":{"line":293,"column":8},"end":{"line":293,"column":35}},"59":{"start":{"line":295,"column":8},"end":{"line":295,"column":48}},"60":{"start":{"line":304,"column":8},"end":{"line":304,"column":58}},"61":{"start":{"line":305,"column":8},"end":{"line":305,"column":58}},"62":{"start":{"line":307,"column":8},"end":{"line":307,"column":58}},"63":{"start":{"line":308,"column":8},"end":{"line":308,"column":58}},"64":{"start":{"line":310,"column":8},"end":{"line":310,"column":69}},"65":{"start":{"line":310,"column":55},"end":{"line":310,"column":67}},"66":{"start":{"line":311,"column":8},"end":{"line":311,"column":19}},"67":{"start":{"line":325,"column":8},"end":{"line":325,"column":83}},"68":{"start":{"line":335,"column":8},"end":{"line":335,"column":73}},"69":{"start":{"line":344,"column":8},"end":{"line":344,"column":40}},"70":{"start":{"line":353,"column":8},"end":{"line":353,"column":56}},"71":{"start":{"line":364,"column":6},"end":{"line":364,"column":38}},"72":{"start":{"line":365,"column":6},"end":{"line":365,"column":53}},"73":{"start":{"line":367,"column":6},"end":{"line":367,"column":14968}},"74":{"start":{"line":368,"column":8},"end":{"line":368,"column":50}},"75":{"start":{"line":369,"column":8},"end":{"line":369,"column":15058}},"76":{"start":{"line":370,"column":10},"end":{"line":370,"column":23}},"77":{"start":{"line":372,"column":8},"end":{"line":372,"column":46}},"78":{"start":{"line":375,"column":6},"end":{"line":375,"column":19}},"79":{"start":{"line":388,"column":8},"end":{"line":388,"column":51}},"80":{"start":{"line":397,"column":8},"end":{"line":397,"column":40}}},"branchMap":{"1":{"line":75,"type":"if","locations":[{"start":{"line":75,"column":8},"end":{"line":75,"column":8}},{"start":{"line":75,"column":8},"end":{"line":75,"column":8}}]},"2":{"line":76,"type":"if","locations":[{"start":{"line":76,"column":8},"end":{"line":76,"column":8}},{"start":{"line":76,"column":8},"end":{"line":76,"column":8}}]},"3":{"line":87,"type":"if","locations":[{"start":{"line":87,"column":8},"end":{"line":87,"column":8}},{"start":{"line":87,"column":8},"end":{"line":87,"column":8}}]},"4":{"line":88,"type":"if","locations":[{"start":{"line":88,"column":8},"end":{"line":88,"column":8}},{"start":{"line":88,"column":8},"end":{"line":88,"column":8}}]},"5":{"line":98,"type":"if","locations":[{"start":{"line":98,"column":8},"end":{"line":98,"column":8}},{"start":{"line":98,"column":8},"end":{"line":98,"column":8}}]},"6":{"line":99,"type":"if","locations":[{"start":{"line":99,"column":8},"end":{"line":99,"column":8}},{"start":{"line":99,"column":8},"end":{"line":99,"column":8}}]},"7":{"line":116,"type":"if","locations":[{"start":{"line":116,"column":8},"end":{"line":116,"column":8}},{"start":{"line":116,"column":8},"end":{"line":116,"column":8}}]},"8":{"line":117,"type":"if","locations":[{"start":{"line":117,"column":8},"end":{"line":117,"column":8}},{"start":{"line":117,"column":8},"end":{"line":117,"column":8}}]},"9":{"line":118,"type":"if","locations":[{"start":{"line":118,"column":8},"end":{"line":118,"column":8}},{"start":{"line":118,"column":8},"end":{"line":118,"column":8}}]},"10":{"line":122,"type":"if","locations":[{"start":{"line":122,"column":8},"end":{"line":122,"column":8}},{"start":{"line":122,"column":8},"end":{"line":122,"column":8}}]},"11":{"line":129,"type":"if","locations":[{"start":{"line":129,"column":8},"end":{"line":129,"column":8}},{"start":{"line":129,"column":8},"end":{"line":129,"column":8}}]},"12":{"line":163,"type":"if","locations":[{"start":{"line":163,"column":8},"end":{"line":163,"column":8}},{"start":{"line":163,"column":8},"end":{"line":163,"column":8}}]},"13":{"line":164,"type":"if","locations":[{"start":{"line":164,"column":8},"end":{"line":164,"column":8}},{"start":{"line":164,"column":8},"end":{"line":164,"column":8}}]},"14":{"line":165,"type":"if","locations":[{"start":{"line":165,"column":8},"end":{"line":165,"column":8}},{"start":{"line":165,"column":8},"end":{"line":165,"column":8}}]},"15":{"line":169,"type":"if","locations":[{"start":{"line":169,"column":8},"end":{"line":169,"column":8}},{"start":{"line":169,"column":8},"end":{"line":169,"column":8}}]},"16":{"line":185,"type":"if","locations":[{"start":{"line":185,"column":8},"end":{"line":185,"column":8}},{"start":{"line":185,"column":8},"end":{"line":185,"column":8}}]},"17":{"line":186,"type":"if","locations":[{"start":{"line":186,"column":8},"end":{"line":186,"column":8}},{"start":{"line":186,"column":8},"end":{"line":186,"column":8}}]},"18":{"line":192,"type":"if","locations":[{"start":{"line":192,"column":8},"end":{"line":192,"column":8}},{"start":{"line":192,"column":8},"end":{"line":192,"column":8}}]},"19":{"line":228,"type":"if","locations":[{"start":{"line":228,"column":8},"end":{"line":228,"column":8}},{"start":{"line":228,"column":8},"end":{"line":228,"column":8}}]},"20":{"line":244,"type":"if","locations":[{"start":{"line":244,"column":8},"end":{"line":244,"column":8}},{"start":{"line":244,"column":8},"end":{"line":244,"column":8}}]},"21":{"line":246,"type":"if","locations":[{"start":{"line":246,"column":8},"end":{"line":246,"column":8}},{"start":{"line":246,"column":8},"end":{"line":246,"column":8}}]},"22":{"line":258,"type":"if","locations":[{"start":{"line":258,"column":8},"end":{"line":258,"column":8}},{"start":{"line":258,"column":8},"end":{"line":258,"column":8}}]},"23":{"line":270,"type":"if","locations":[{"start":{"line":270,"column":8},"end":{"line":270,"column":8}},{"start":{"line":270,"column":8},"end":{"line":270,"column":8}}]},"24":{"line":281,"type":"if","locations":[{"start":{"line":281,"column":8},"end":{"line":281,"column":8}},{"start":{"line":281,"column":8},"end":{"line":281,"column":8}}]},"25":{"line":293,"type":"if","locations":[{"start":{"line":293,"column":8},"end":{"line":293,"column":8}},{"start":{"line":293,"column":8},"end":{"line":293,"column":8}}]},"26":{"line":307,"type":"if","locations":[{"start":{"line":307,"column":8},"end":{"line":307,"column":8}},{"start":{"line":307,"column":8},"end":{"line":307,"column":8}}]},"27":{"line":308,"type":"if","locations":[{"start":{"line":308,"column":8},"end":{"line":308,"column":8}},{"start":{"line":308,"column":8},"end":{"line":308,"column":8}}]},"28":{"line":310,"type":"if","locations":[{"start":{"line":310,"column":8},"end":{"line":310,"column":8}},{"start":{"line":310,"column":8},"end":{"line":310,"column":8}}]},"29":{"line":369,"type":"if","locations":[{"start":{"line":369,"column":8},"end":{"line":369,"column":8}},{"start":{"line":369,"column":8},"end":{"line":369,"column":8}}]}}},"contracts/deps/Registry.sol":{"l":{"68":1,"69":1,"70":1,"85":5,"86":5,"87":5,"90":5,"91":5,"94":5,"97":5,"98":5,"100":5,"109":0,"111":0,"112":0,"114":0,"116":0,"125":0,"127":0,"128":0,"129":0,"131":0,"133":0,"135":0,"144":0,"146":0,"147":0,"150":0,"153":0,"168":0,"169":0,"170":0,"173":0,"175":0,"177":0,"179":0,"180":0,"184":0,"187":0,"193":0,"202":0,"205":0,"207":0,"208":0,"217":5,"218":5,"219":5,"221":0,"223":0,"239":0,"240":0,"242":0,"243":0,"247":0,"248":0,"250":0,"253":0,"255":0,"271":0,"272":0,"273":0,"274":0,"282":5,"283":5,"289":5,"296":0,"304":36,"312":10,"320":0,"321":0,"323":0,"332":0,"333":0,"335":0,"337":0,"345":0,"348":0,"349":0,"352":0,"361":0,"374":0,"375":0,"379":0,"382":0,"385":0,"386":0,"388":0,"390":0,"391":0,"395":0,"397":0,"399":0,"400":0,"405":0,"408":0,"419":5,"427":0,"428":0,"431":0,"432":0,"434":0},"path":"/Users/Mark/Desktop/Delphi/contracts/deps/Registry.sol","s":{"1":1,"2":1,"3":1,"4":5,"5":5,"6":5,"7":5,"8":5,"9":5,"10":5,"11":5,"12":5,"13":0,"14":0,"15":0,"16":0,"17":0,"18":0,"19":0,"20":0,"21":0,"22":0,"23":0,"24":0,"25":0,"26":0,"27":0,"28":0,"29":0,"30":0,"31":0,"32":0,"33":0,"34":0,"35":0,"36":0,"37":0,"38":0,"39":0,"40":0,"41":0,"42":0,"43":0,"44":0,"45":5,"46":5,"47":5,"48":0,"49":0,"50":0,"51":0,"52":0,"53":0,"54":0,"55":0,"56":0,"57":0,"58":0,"59":0,"60":0,"61":0,"62":0,"63":0,"64":5,"65":5,"66":5,"67":5,"68":0,"69":36,"70":10,"71":0,"72":0,"73":0,"74":0,"75":0,"76":0,"77":0,"78":0,"79":0,"80":0,"81":0,"82":0,"83":0,"84":0,"85":0,"86":0,"87":0,"88":0,"89":0,"90":0,"91":0,"92":0,"93":0,"94":0,"95":0,"96":0,"97":0,"98":0,"99":0,"100":0,"101":5,"102":0,"103":0,"104":0,"105":0},"b":{"1":[5,0],"2":[5,0],"3":[5,0],"4":[5,0],"5":[0,0],"6":[0,0],"7":[0,0],"8":[0,0],"9":[0,0],"10":[0,0],"11":[0,0],"12":[0,0],"13":[0,0],"14":[0,0],"15":[0,0],"16":[0,0],"17":[0,0],"18":[5,0],"19":[0,0],"20":[0,0],"21":[0,0],"22":[0,0],"23":[5,0],"24":[0,0],"25":[0,0],"26":[0,0],"27":[0,0],"28":[0,0],"29":[0,0],"30":[0,0],"31":[0,0],"32":[0,0]},"f":{"1":1,"2":5,"3":0,"4":0,"5":0,"6":0,"7":5,"8":0,"9":0,"10":5,"11":36,"12":10,"13":0,"14":0,"15":0,"16":0,"17":0,"18":5,"19":0},"fnMap":{"1":{"name":"Registry","line":63,"loc":{"start":{"line":63,"column":4},"end":{"line":67,"column":14}}},"2":{"name":"apply","line":84,"loc":{"start":{"line":84,"column":4},"end":{"line":84,"column":75}}},"3":{"name":"deposit","line":108,"loc":{"start":{"line":108,"column":4},"end":{"line":108,"column":63}}},"4":{"name":"withdraw","line":124,"loc":{"start":{"line":124,"column":4},"end":{"line":124,"column":64}}},"5":{"name":"exit","line":143,"loc":{"start":{"line":143,"column":4},"end":{"line":143,"column":46}}},"6":{"name":"challenge","line":167,"loc":{"start":{"line":167,"column":4},"end":{"line":167,"column":92}}},"7":{"name":"updateStatus","line":216,"loc":{"start":{"line":216,"column":4},"end":{"line":216,"column":52}}},"8":{"name":"claimReward","line":237,"loc":{"start":{"line":237,"column":4},"end":{"line":237,"column":60}}},"9":{"name":"voterReward","line":269,"loc":{"start":{"line":269,"column":4},"end":{"line":270,"column":32}}},"10":{"name":"canBeWhitelisted","line":281,"loc":{"start":{"line":281,"column":4},"end":{"line":281,"column":76}}},"11":{"name":"isWhitelisted","line":303,"loc":{"start":{"line":303,"column":4},"end":{"line":303,"column":85}}},"12":{"name":"appWasMade","line":311,"loc":{"start":{"line":311,"column":4},"end":{"line":311,"column":77}}},"13":{"name":"challengeExists","line":319,"loc":{"start":{"line":319,"column":4},"end":{"line":319,"column":75}}},"14":{"name":"challengeCanBeResolved","line":331,"loc":{"start":{"line":331,"column":4},"end":{"line":331,"column":82}}},"15":{"name":"determineReward","line":344,"loc":{"start":{"line":344,"column":4},"end":{"line":344,"column":72}}},"16":{"name":"tokenClaims","line":360,"loc":{"start":{"line":360,"column":4},"end":{"line":360,"column":84}}},"17":{"name":"resolveChallenge","line":373,"loc":{"start":{"line":373,"column":4},"end":{"line":373,"column":57}}},"18":{"name":"whitelistApplication","line":418,"loc":{"start":{"line":418,"column":4},"end":{"line":418,"column":61}}},"19":{"name":"resetListing","line":426,"loc":{"start":{"line":426,"column":4},"end":{"line":426,"column":53}}}},"statementMap":{"1":{"start":{"line":68,"column":8},"end":{"line":68,"column":32}},"2":{"start":{"line":69,"column":8},"end":{"line":69,"column":37}},"3":{"start":{"line":70,"column":8},"end":{"line":70,"column":49}},"4":{"start":{"line":85,"column":8},"end":{"line":85,"column":44}},"5":{"start":{"line":86,"column":8},"end":{"line":86,"column":41}},"6":{"start":{"line":87,"column":8},"end":{"line":87,"column":58}},"7":{"start":{"line":90,"column":8},"end":{"line":90,"column":59}},"8":{"start":{"line":91,"column":8},"end":{"line":91,"column":37}},"9":{"start":{"line":94,"column":8},"end":{"line":94,"column":68}},"10":{"start":{"line":97,"column":8},"end":{"line":97,"column":91}},"11":{"start":{"line":98,"column":8},"end":{"line":98,"column":44}},"12":{"start":{"line":100,"column":8},"end":{"line":100,"column":49}},"13":{"start":{"line":109,"column":8},"end":{"line":109,"column":59}},"14":{"start":{"line":111,"column":8},"end":{"line":111,"column":47}},"15":{"start":{"line":112,"column":8},"end":{"line":112,"column":61}},"16":{"start":{"line":114,"column":8},"end":{"line":114,"column":45}},"17":{"start":{"line":116,"column":8},"end":{"line":116,"column":67}},"18":{"start":{"line":125,"column":8},"end":{"line":125,"column":59}},"19":{"start":{"line":127,"column":8},"end":{"line":127,"column":47}},"20":{"start":{"line":128,"column":8},"end":{"line":128,"column":54}},"21":{"start":{"line":129,"column":8},"end":{"line":129,"column":88}},"22":{"start":{"line":131,"column":8},"end":{"line":131,"column":51}},"23":{"start":{"line":133,"column":8},"end":{"line":133,"column":45}},"24":{"start":{"line":135,"column":8},"end":{"line":135,"column":70}},"25":{"start":{"line":144,"column":8},"end":{"line":144,"column":59}},"26":{"start":{"line":146,"column":8},"end":{"line":146,"column":47}},"27":{"start":{"line":147,"column":8},"end":{"line":147,"column":43}},"28":{"start":{"line":150,"column":8},"end":{"line":150,"column":92}},"29":{"start":{"line":153,"column":8},"end":{"line":153,"column":33}},"30":{"start":{"line":168,"column":8},"end":{"line":168,"column":45}},"31":{"start":{"line":169,"column":8},"end":{"line":169,"column":62}},"32":{"start":{"line":170,"column":8},"end":{"line":170,"column":53}},"33":{"start":{"line":173,"column":8},"end":{"line":173,"column":67}},"34":{"start":{"line":175,"column":8},"end":{"line":175,"column":92}},"35":{"start":{"line":177,"column":8},"end":{"line":177,"column":7167}},"36":{"start":{"line":179,"column":12},"end":{"line":179,"column":37}},"37":{"start":{"line":180,"column":12},"end":{"line":180,"column":20}},"38":{"start":{"line":184,"column":8},"end":{"line":184,"column":61}},"39":{"start":{"line":187,"column":8},"end":{"line":187,"column":7481}},"40":{"start":{"line":193,"column":8},"end":{"line":193,"column":7676}},"41":{"start":{"line":202,"column":8},"end":{"line":202,"column":53}},"42":{"start":{"line":205,"column":8},"end":{"line":205,"column":59}},"43":{"start":{"line":207,"column":8},"end":{"line":207,"column":55}},"44":{"start":{"line":208,"column":8},"end":{"line":208,"column":21}},"45":{"start":{"line":217,"column":8},"end":{"line":217,"column":8556}},"46":{"start":{"line":218,"column":10},"end":{"line":218,"column":43}},"47":{"start":{"line":219,"column":10},"end":{"line":219,"column":45}},"48":{"start":{"line":220,"column":15},"end":{"line":220,"column":8703}},"49":{"start":{"line":221,"column":10},"end":{"line":221,"column":39}},"50":{"start":{"line":223,"column":10},"end":{"line":223,"column":17}},"51":{"start":{"line":239,"column":8},"end":{"line":239,"column":73}},"52":{"start":{"line":240,"column":8},"end":{"line":240,"column":57}},"53":{"start":{"line":242,"column":8},"end":{"line":242,"column":85}},"54":{"start":{"line":243,"column":8},"end":{"line":243,"column":65}},"55":{"start":{"line":247,"column":8},"end":{"line":247,"column":58}},"56":{"start":{"line":248,"column":8},"end":{"line":248,"column":52}},"57":{"start":{"line":250,"column":8},"end":{"line":250,"column":50}},"58":{"start":{"line":253,"column":8},"end":{"line":253,"column":62}},"59":{"start":{"line":255,"column":8},"end":{"line":255,"column":55}},"60":{"start":{"line":271,"column":8},"end":{"line":271,"column":62}},"61":{"start":{"line":272,"column":8},"end":{"line":272,"column":60}},"62":{"start":{"line":273,"column":8},"end":{"line":273,"column":81}},"63":{"start":{"line":274,"column":8},"end":{"line":274,"column":55}},"64":{"start":{"line":282,"column":8},"end":{"line":282,"column":45}},"65":{"start":{"line":283,"column":8},"end":{"line":283,"column":63}},"66":{"start":{"line":289,"column":8},"end":{"line":289,"column":11698}},"67":{"start":{"line":294,"column":12},"end":{"line":294,"column":23}},"68":{"start":{"line":296,"column":8},"end":{"line":296,"column":20}},"69":{"start":{"line":304,"column":8},"end":{"line":304,"column":49}},"70":{"start":{"line":312,"column":8},"end":{"line":312,"column":59}},"71":{"start":{"line":320,"column":8},"end":{"line":320,"column":45}},"72":{"start":{"line":321,"column":8},"end":{"line":321,"column":63}},"73":{"start":{"line":323,"column":8},"end":{"line":323,"column":95}},"74":{"start":{"line":332,"column":8},"end":{"line":332,"column":45}},"75":{"start":{"line":333,"column":8},"end":{"line":333,"column":63}},"76":{"start":{"line":335,"column":8},"end":{"line":335,"column":45}},"77":{"start":{"line":337,"column":8},"end":{"line":337,"column":44}},"78":{"start":{"line":345,"column":8},"end":{"line":345,"column":84}},"79":{"start":{"line":348,"column":8},"end":{"line":348,"column":14047}},"80":{"start":{"line":349,"column":12},"end":{"line":349,"column":53}},"81":{"start":{"line":352,"column":8},"end":{"line":352,"column":89}},"82":{"start":{"line":361,"column":6},"end":{"line":361,"column":57}},"83":{"start":{"line":374,"column":8},"end":{"line":374,"column":45}},"84":{"start":{"line":375,"column":8},"end":{"line":375,"column":63}},"85":{"start":{"line":379,"column":8},"end":{"line":379,"column":49}},"86":{"start":{"line":382,"column":8},"end":{"line":382,"column":56}},"87":{"start":{"line":385,"column":8},"end":{"line":385,"column":15527}},"88":{"start":{"line":386,"column":12},"end":{"line":386,"column":45}},"89":{"start":{"line":388,"column":12},"end":{"line":388,"column":62}},"90":{"start":{"line":390,"column":12},"end":{"line":390,"column":40}},"91":{"start":{"line":391,"column":12},"end":{"line":391,"column":73}},"92":{"start":{"line":391,"column":35},"end":{"line":391,"column":70}},"93":{"start":{"line":395,"column":12},"end":{"line":395,"column":37}},"94":{"start":{"line":397,"column":12},"end":{"line":397,"column":78}},"95":{"start":{"line":399,"column":12},"end":{"line":399,"column":43}},"96":{"start":{"line":400,"column":12},"end":{"line":400,"column":16209}},"97":{"start":{"line":400,"column":34},"end":{"line":400,"column":62}},"98":{"start":{"line":401,"column":19},"end":{"line":401,"column":51}},"99":{"start":{"line":405,"column":8},"end":{"line":405,"column":46}},"100":{"start":{"line":408,"column":8},"end":{"line":408,"column":16545}},"101":{"start":{"line":419,"column":8},"end":{"line":419,"column":48}},"102":{"start":{"line":427,"column":8},"end":{"line":427,"column":45}},"103":{"start":{"line":428,"column":8},"end":{"line":428,"column":62}},"104":{"start":{"line":431,"column":8},"end":{"line":431,"column":17549}},"105":{"start":{"line":432,"column":12},"end":{"line":432,"column":82}}},"branchMap":{"1":{"line":85,"type":"if","locations":[{"start":{"line":85,"column":8},"end":{"line":85,"column":8}},{"start":{"line":85,"column":8},"end":{"line":85,"column":8}}]},"2":{"line":86,"type":"if","locations":[{"start":{"line":86,"column":8},"end":{"line":86,"column":8}},{"start":{"line":86,"column":8},"end":{"line":86,"column":8}}]},"3":{"line":87,"type":"if","locations":[{"start":{"line":87,"column":8},"end":{"line":87,"column":8}},{"start":{"line":87,"column":8},"end":{"line":87,"column":8}}]},"4":{"line":94,"type":"if","locations":[{"start":{"line":94,"column":8},"end":{"line":94,"column":8}},{"start":{"line":94,"column":8},"end":{"line":94,"column":8}}]},"5":{"line":111,"type":"if","locations":[{"start":{"line":111,"column":8},"end":{"line":111,"column":8}},{"start":{"line":111,"column":8},"end":{"line":111,"column":8}}]},"6":{"line":112,"type":"if","locations":[{"start":{"line":112,"column":8},"end":{"line":112,"column":8}},{"start":{"line":112,"column":8},"end":{"line":112,"column":8}}]},"7":{"line":127,"type":"if","locations":[{"start":{"line":127,"column":8},"end":{"line":127,"column":8}},{"start":{"line":127,"column":8},"end":{"line":127,"column":8}}]},"8":{"line":128,"type":"if","locations":[{"start":{"line":128,"column":8},"end":{"line":128,"column":8}},{"start":{"line":128,"column":8},"end":{"line":128,"column":8}}]},"9":{"line":129,"type":"if","locations":[{"start":{"line":129,"column":8},"end":{"line":129,"column":8}},{"start":{"line":129,"column":8},"end":{"line":129,"column":8}}]},"10":{"line":131,"type":"if","locations":[{"start":{"line":131,"column":8},"end":{"line":131,"column":8}},{"start":{"line":131,"column":8},"end":{"line":131,"column":8}}]},"11":{"line":146,"type":"if","locations":[{"start":{"line":146,"column":8},"end":{"line":146,"column":8}},{"start":{"line":146,"column":8},"end":{"line":146,"column":8}}]},"12":{"line":147,"type":"if","locations":[{"start":{"line":147,"column":8},"end":{"line":147,"column":8}},{"start":{"line":147,"column":8},"end":{"line":147,"column":8}}]},"13":{"line":150,"type":"if","locations":[{"start":{"line":150,"column":8},"end":{"line":150,"column":8}},{"start":{"line":150,"column":8},"end":{"line":150,"column":8}}]},"14":{"line":173,"type":"if","locations":[{"start":{"line":173,"column":8},"end":{"line":173,"column":8}},{"start":{"line":173,"column":8},"end":{"line":173,"column":8}}]},"15":{"line":175,"type":"if","locations":[{"start":{"line":175,"column":8},"end":{"line":175,"column":8}},{"start":{"line":175,"column":8},"end":{"line":175,"column":8}}]},"16":{"line":177,"type":"if","locations":[{"start":{"line":177,"column":8},"end":{"line":177,"column":8}},{"start":{"line":177,"column":8},"end":{"line":177,"column":8}}]},"17":{"line":184,"type":"if","locations":[{"start":{"line":184,"column":8},"end":{"line":184,"column":8}},{"start":{"line":184,"column":8},"end":{"line":184,"column":8}}]},"18":{"line":217,"type":"if","locations":[{"start":{"line":217,"column":8},"end":{"line":217,"column":8}},{"start":{"line":217,"column":8},"end":{"line":217,"column":8}}]},"19":{"line":220,"type":"if","locations":[{"start":{"line":220,"column":15},"end":{"line":220,"column":15}},{"start":{"line":220,"column":15},"end":{"line":220,"column":15}}]},"20":{"line":239,"type":"if","locations":[{"start":{"line":239,"column":8},"end":{"line":239,"column":8}},{"start":{"line":239,"column":8},"end":{"line":239,"column":8}}]},"21":{"line":240,"type":"if","locations":[{"start":{"line":240,"column":8},"end":{"line":240,"column":8}},{"start":{"line":240,"column":8},"end":{"line":240,"column":8}}]},"22":{"line":250,"type":"if","locations":[{"start":{"line":250,"column":8},"end":{"line":250,"column":8}},{"start":{"line":250,"column":8},"end":{"line":250,"column":8}}]},"23":{"line":289,"type":"if","locations":[{"start":{"line":289,"column":8},"end":{"line":289,"column":8}},{"start":{"line":289,"column":8},"end":{"line":289,"column":8}}]},"24":{"line":335,"type":"if","locations":[{"start":{"line":335,"column":8},"end":{"line":335,"column":8}},{"start":{"line":335,"column":8},"end":{"line":335,"column":8}}]},"25":{"line":345,"type":"if","locations":[{"start":{"line":345,"column":8},"end":{"line":345,"column":8}},{"start":{"line":345,"column":8},"end":{"line":345,"column":8}}]},"26":{"line":348,"type":"if","locations":[{"start":{"line":348,"column":8},"end":{"line":348,"column":8}},{"start":{"line":348,"column":8},"end":{"line":348,"column":8}}]},"27":{"line":385,"type":"if","locations":[{"start":{"line":385,"column":8},"end":{"line":385,"column":8}},{"start":{"line":385,"column":8},"end":{"line":385,"column":8}}]},"28":{"line":391,"type":"if","locations":[{"start":{"line":391,"column":12},"end":{"line":391,"column":12}},{"start":{"line":391,"column":12},"end":{"line":391,"column":12}}]},"29":{"line":397,"type":"if","locations":[{"start":{"line":397,"column":12},"end":{"line":397,"column":12}},{"start":{"line":397,"column":12},"end":{"line":397,"column":12}}]},"30":{"line":400,"type":"if","locations":[{"start":{"line":400,"column":12},"end":{"line":400,"column":12}},{"start":{"line":400,"column":12},"end":{"line":400,"column":12}}]},"31":{"line":431,"type":"if","locations":[{"start":{"line":431,"column":8},"end":{"line":431,"column":8}},{"start":{"line":431,"column":8},"end":{"line":431,"column":8}}]},"32":{"line":432,"type":"if","locations":[{"start":{"line":432,"column":12},"end":{"line":432,"column":12}},{"start":{"line":432,"column":12},"end":{"line":432,"column":12}}]}}}}